Using pre-set license
Built from '2021.3/staging' branch; Version is '2021.3.21f1 (1b156197d683) revision 1774945'; Using compiler version '192829333'; Build Type 'Release'
OS: 'Windows 11  (10.0.22621) 64bit CoreSingleLanguage' Language: 'es' Physical Memory: 8112 MB
BatchMode: 1, IsHumanControllingUs: 0, StartBugReporterOnCrash: 0, Is64bit: 1, IsPro: 1

COMMAND LINE ARGUMENTS:
D:\UnityHub\Unity Hub\2021.3.21f1\Editor\Unity.exe
-adb2
-batchMode
-noUpm
-name
AssetImportWorker0
-projectPath
D:/A-UNIVERSIDAD/8° CICLO/VIDEOJUEGOS Y APLICACIONES MOVILES/PROTOTIPO PARA PROJECTO DE VIDEOJUEGO/Qhali Mikhun
-logFile
Logs/AssetImportWorker0.log
-srvPort
50224
Successfully changed project path to: D:/A-UNIVERSIDAD/8° CICLO/VIDEOJUEGOS Y APLICACIONES MOVILES/PROTOTIPO PARA PROJECTO DE VIDEOJUEGO/Qhali Mikhun
D:/A-UNIVERSIDAD/8° CICLO/VIDEOJUEGOS Y APLICACIONES MOVILES/PROTOTIPO PARA PROJECTO DE VIDEOJUEGO/Qhali Mikhun
[UnityMemory] Configuration Parameters - Can be set up in boot.config
    "memorysetup-bucket-allocator-granularity=16"
    "memorysetup-bucket-allocator-bucket-count=8"
    "memorysetup-bucket-allocator-block-size=33554432"
    "memorysetup-bucket-allocator-block-count=8"
    "memorysetup-main-allocator-block-size=16777216"
    "memorysetup-thread-allocator-block-size=16777216"
    "memorysetup-gfx-main-allocator-block-size=16777216"
    "memorysetup-gfx-thread-allocator-block-size=16777216"
    "memorysetup-cache-allocator-block-size=4194304"
    "memorysetup-typetree-allocator-block-size=2097152"
    "memorysetup-profiler-bucket-allocator-granularity=16"
    "memorysetup-profiler-bucket-allocator-bucket-count=8"
    "memorysetup-profiler-bucket-allocator-block-size=33554432"
    "memorysetup-profiler-bucket-allocator-block-count=8"
    "memorysetup-profiler-allocator-block-size=16777216"
    "memorysetup-profiler-editor-allocator-block-size=1048576"
    "memorysetup-temp-allocator-size-main=16777216"
    "memorysetup-job-temp-allocator-block-size=2097152"
    "memorysetup-job-temp-allocator-block-size-background=1048576"
    "memorysetup-job-temp-allocator-reduction-small-platforms=262144"
    "memorysetup-temp-allocator-size-background-worker=32768"
    "memorysetup-temp-allocator-size-job-worker=262144"
    "memorysetup-temp-allocator-size-preload-manager=33554432"
    "memorysetup-temp-allocator-size-nav-mesh-worker=65536"
    "memorysetup-temp-allocator-size-audio-worker=65536"
    "memorysetup-temp-allocator-size-cloud-worker=32768"
    "memorysetup-temp-allocator-size-gi-baking-worker=262144"
    "memorysetup-temp-allocator-size-gfx=262144"
Player connection [17056] Host "[IP] 192.168.0.14 [Port] 0 [Flags] 2 [Guid] 2944670886 [EditorId] 2944670886 [Version] 1048832 [Id] WindowsEditor(7,FABRIZIO) [Debug] 1 [PackageName] WindowsEditor [ProjectName] Editor" joined multi-casting on [225.0.0.222:54997]...

Player connection [17056] Host "[IP] 192.168.0.14 [Port] 0 [Flags] 2 [Guid] 2944670886 [EditorId] 2944670886 [Version] 1048832 [Id] WindowsEditor(7,FABRIZIO) [Debug] 1 [PackageName] WindowsEditor [ProjectName] Editor" joined alternative multi-casting on [225.0.0.222:34997]...

Refreshing native plugins compatible for Editor in 111.74 ms, found 4 plugins.
Preloading 0 native plugins for Editor in 0.00 ms.
Initialize engine version: 2021.3.21f1 (1b156197d683)
[Subsystems] Discovering subsystems at path D:/UnityHub/Unity Hub/2021.3.21f1/Editor/Data/Resources/UnitySubsystems
[Subsystems] Discovering subsystems at path D:/A-UNIVERSIDAD/8° CICLO/VIDEOJUEGOS Y APLICACIONES MOVILES/PROTOTIPO PARA PROJECTO DE VIDEOJUEGO/Qhali Mikhun/Assets
GfxDevice: creating device client; threaded=0; jobified=0
Direct3D:
    Version:  Direct3D 11.0 [level 11.1]
    Renderer: NVIDIA GeForce GTX 1650 (ID=0x1f91)
    Vendor:   NVIDIA
    VRAM:     3949 MB
    Driver:   31.0.15.3141
Initialize mono
Mono path[0] = 'D:/UnityHub/Unity Hub/2021.3.21f1/Editor/Data/Managed'
Mono path[1] = 'D:/UnityHub/Unity Hub/2021.3.21f1/Editor/Data/MonoBleedingEdge/lib/mono/unityjit-win32'
Mono config path = 'D:/UnityHub/Unity Hub/2021.3.21f1/Editor/Data/MonoBleedingEdge/etc'
Using monoOptions --debugger-agent=transport=dt_socket,embedding=1,server=y,suspend=n,address=127.0.0.1:56352
Begin MonoManager ReloadAssembly
Registering precompiled unity dll's ...
Register platform support module: D:/UnityHub/Unity Hub/2021.3.21f1/Editor/Data/PlaybackEngines/WebGLSupport/UnityEditor.WebGL.Extensions.dll
Register platform support module: D:/UnityHub/Unity Hub/2021.3.21f1/Editor/Data/PlaybackEngines/WindowsStandaloneSupport/UnityEditor.WindowsStandalone.Extensions.dll
Registered in 0.002431 seconds.
Native extension for WindowsStandalone target not found
Native extension for WebGL target not found
Refreshing native plugins compatible for Editor in 124.03 ms, found 4 plugins.
Preloading 0 native plugins for Editor in 0.00 ms.
Mono: successfully reloaded assembly
- Completed reload, in  0.842 seconds
Domain Reload Profiling:
	ReloadAssembly (843ms)
		BeginReloadAssembly (124ms)
			ExecutionOrderSort (0ms)
			DisableScriptedObjects (0ms)
			BackupInstance (0ms)
			ReleaseScriptingObjects (0ms)
			CreateAndSetChildDomain (1ms)
		EndReloadAssembly (601ms)
			LoadAssemblies (125ms)
			RebuildTransferFunctionScriptingTraits (0ms)
			SetupTypeCache (162ms)
			ReleaseScriptCaches (0ms)
			RebuildScriptCaches (37ms)
			SetupLoadedEditorAssemblies (344ms)
				LogAssemblyErrors (0ms)
				InitializePlatformSupportModulesInManaged (10ms)
				SetLoadedEditorAssemblies (0ms)
				RefreshPlugins (124ms)
				BeforeProcessingInitializeOnLoad (2ms)
				ProcessInitializeOnLoadAttributes (154ms)
				ProcessInitializeOnLoadMethodAttributes (53ms)
				AfterProcessingInitializeOnLoad (0ms)
				EditorAssembliesLoaded (0ms)
			ExecutionOrderSort2 (0ms)
			AwakeInstancesAfterBackupRestoration (0ms)
Platform modules already initialized, skipping
Registering precompiled user dll's ...
Registered in 0.005383 seconds.
Begin MonoManager ReloadAssembly
Symbol file LoadedFromMemory doesn't match image D:\A-UNIVERSIDAD\8° CICLO\VIDEOJUEGOS Y APLICACIONES MOVILES\PROTOTIPO PARA PROJECTO DE VIDEOJUEGO\Qhali Mikhun\Library\PackageCache\com.unity.visualscripting@1.8.0\Editor\VisualScripting.Core\Dependencies\YamlDotNet\Unity.VisualScripting.YamlDotNet.dll
Symbol file LoadedFromMemory doesn't match image D:\A-UNIVERSIDAD\8° CICLO\VIDEOJUEGOS Y APLICACIONES MOVILES\PROTOTIPO PARA PROJECTO DE VIDEOJUEGO\Qhali Mikhun\Library\PackageCache\com.unity.visualscripting@1.8.0\Editor\VisualScripting.Core\Dependencies\DotNetZip\Unity.VisualScripting.IonicZip.dll
Native extension for WindowsStandalone target not found
Native extension for WebGL target not found
Refreshing native plugins compatible for Editor in 103.06 ms, found 4 plugins.
Preloading 0 native plugins for Editor in 0.00 ms.
Mono: successfully reloaded assembly
- Completed reload, in  1.268 seconds
Domain Reload Profiling:
	ReloadAssembly (1269ms)
		BeginReloadAssembly (151ms)
			ExecutionOrderSort (0ms)
			DisableScriptedObjects (9ms)
			BackupInstance (0ms)
			ReleaseScriptingObjects (0ms)
			CreateAndSetChildDomain (21ms)
		EndReloadAssembly (1016ms)
			LoadAssemblies (130ms)
			RebuildTransferFunctionScriptingTraits (0ms)
			SetupTypeCache (264ms)
			ReleaseScriptCaches (1ms)
			RebuildScriptCaches (63ms)
			SetupLoadedEditorAssemblies (538ms)
				LogAssemblyErrors (0ms)
				InitializePlatformSupportModulesInManaged (4ms)
				SetLoadedEditorAssemblies (0ms)
				RefreshPlugins (103ms)
				BeforeProcessingInitializeOnLoad (102ms)
				ProcessInitializeOnLoadAttributes (282ms)
				ProcessInitializeOnLoadMethodAttributes (44ms)
				AfterProcessingInitializeOnLoad (3ms)
				EditorAssembliesLoaded (0ms)
			ExecutionOrderSort2 (0ms)
			AwakeInstancesAfterBackupRestoration (10ms)
Platform modules already initialized, skipping
========================================================================
Worker process is ready to serve import requests
Launched and connected shader compiler UnityShaderCompiler.exe after 0.09 seconds
Refreshing native plugins compatible for Editor in 1.07 ms, found 4 plugins.
Preloading 0 native plugins for Editor in 0.00 ms.
Unloading 3960 Unused Serialized files (Serialized files now loaded: 0)
Unloading 53 unused Assets / (256.3 KB). Loaded Objects now: 4417.
Memory consumption went from 154.1 MB to 153.9 MB.
Total: 5.144800 ms (FindLiveObjects: 0.409500 ms CreateObjectMapping: 0.274600 ms MarkObjects: 4.275900 ms  DeleteObjects: 0.183700 ms)

AssetImportParameters requested are different than current active one (requested -> active):
  custom:video-decoder-ogg-theora: a1e56fd34408186e4bbccfd4996cb3dc -> 
  custom:container-muxer-webm: aa71ff27fc2769a1b78a27578f13a17b -> 
  custom:container-demuxer-webm: 4f35f7cbe854078d1ac9338744f61a02 -> 
  custom:video-encoder-webm-vp8: eb34c28f22e8b96e1ab97ce403110664 -> 
  custom:video-codec-MediaFoundation-h265: 746d11721c4dcdbdad8f713fa42b33f4 -> 
  custom:audio-encoder-webm-vorbis: bf7c407c2cedff20999df2af8eb42d56 -> 
  custom:framework-win-MediaFoundation: 216162199b28c13a410421893ffa2e32 -> 
  custom:container-demuxer-ogg: 62fdf1f143b41e24485cea50d1cbac27 -> 
  custom:video-decoder-webm-vp8: 9c59270c3fd7afecdb556c50c9e8de78 -> 
  custom:audio-decoder-ogg-vorbis: bf7c407c2cedff20999df2af8eb42d56 -> 
========================================================================
Received Import Request.
  Time since last request: 994.458823 seconds.
  path: Assets/Scenes/Nivel2.unity
  artifactKey: Guid(8a2a3fa3aaad73046bfba6ba46b6e279) Importer(815301076,1909f56bfc062723c751e8b465ee728b)
Start importing Assets/Scenes/Nivel2.unity using Guid(8a2a3fa3aaad73046bfba6ba46b6e279) Importer(815301076,1909f56bfc062723c751e8b465ee728b)  -> (artifact id: '69936bcd8279f461f370cf8d78da1a35') in 0.015714 seconds 
========================================================================
Received Import Request.
  Time since last request: 38.335108 seconds.
  path: Assets/Scenes/Nivel3.unity
  artifactKey: Guid(1f5f94d43ea9be9448afcdf1cf0e45ca) Importer(815301076,1909f56bfc062723c751e8b465ee728b)
Start importing Assets/Scenes/Nivel3.unity using Guid(1f5f94d43ea9be9448afcdf1cf0e45ca) Importer(815301076,1909f56bfc062723c751e8b465ee728b)  -> (artifact id: 'fe3ca8c83627ea2a082840c26bd62910') in 0.009688 seconds 
========================================================================
Received Import Request.
  Time since last request: 26.093646 seconds.
  path: Assets/Scenes/NivelPrincipal.unity
  artifactKey: Guid(e427b671c5e3b3f4983a38e424acb8a1) Importer(815301076,1909f56bfc062723c751e8b465ee728b)
Start importing Assets/Scenes/NivelPrincipal.unity using Guid(e427b671c5e3b3f4983a38e424acb8a1) Importer(815301076,1909f56bfc062723c751e8b465ee728b)  -> (artifact id: 'f6181c248b6f59166c1e92e82a0ae45e') in 0.009701 seconds 
========================================================================
Received Import Request.
  Time since last request: 127.128833 seconds.
  path: Assets/Sprites/Personaje-Niño/pj quieto/pjquieto2.png
  artifactKey: Guid(c4d32fbcc3b4fbd4aa00ed539d37a5bc) Importer(815301076,1909f56bfc062723c751e8b465ee728b)
Start importing Assets/Sprites/Personaje-Niño/pj quieto/pjquieto2.png using Guid(c4d32fbcc3b4fbd4aa00ed539d37a5bc) Importer(815301076,1909f56bfc062723c751e8b465ee728b)  -> (artifact id: '1bc914cc2ff93b8d4cd023ac7184b1b0') in 0.091209 seconds 
========================================================================
Received Import Request.
  Time since last request: 1.482928 seconds.
  path: Assets/Sprites/Personaje-Niño/pj quieto/pjquieto3.png
  artifactKey: Guid(e361321dfb506614785881a1872d02c6) Importer(815301076,1909f56bfc062723c751e8b465ee728b)
Start importing Assets/Sprites/Personaje-Niño/pj quieto/pjquieto3.png using Guid(e361321dfb506614785881a1872d02c6) Importer(815301076,1909f56bfc062723c751e8b465ee728b)  -> (artifact id: '7e4c409437f78e62a30eb558dbbf47bc') in 0.021553 seconds 
========================================================================
Received Import Request.
  Time since last request: 6.527227 seconds.
  path: Assets/Sprites/Personaje-Niño/pj quieto/pjquieto3.png
  artifactKey: Guid(e361321dfb506614785881a1872d02c6) Importer(815301076,1909f56bfc062723c751e8b465ee728b)
Start importing Assets/Sprites/Personaje-Niño/pj quieto/pjquieto3.png using Guid(e361321dfb506614785881a1872d02c6) Importer(815301076,1909f56bfc062723c751e8b465ee728b)  -> (artifact id: 'e9bf223eeda8fc2a90d4f9162a89d146') in 0.045593 seconds 
========================================================================
Received Import Request.
  Time since last request: 0.892667 seconds.
  path: Assets/Sprites/Personaje-Niño/pj quieto/pjquieto4.png
  artifactKey: Guid(e25b59160d719ea4ebbbf19f7127937d) Importer(815301076,1909f56bfc062723c751e8b465ee728b)
Start importing Assets/Sprites/Personaje-Niño/pj quieto/pjquieto4.png using Guid(e25b59160d719ea4ebbbf19f7127937d) Importer(815301076,1909f56bfc062723c751e8b465ee728b)  -> (artifact id: '1a90648ccb2af0d88dc45c9d2df41b26') in 0.040120 seconds 
========================================================================
Received Import Request.
  Time since last request: 6.531570 seconds.
  path: Assets/Sprites/Personaje-Niño/pj quieto/pjquieto4.png
  artifactKey: Guid(e25b59160d719ea4ebbbf19f7127937d) Importer(815301076,1909f56bfc062723c751e8b465ee728b)
Start importing Assets/Sprites/Personaje-Niño/pj quieto/pjquieto4.png using Guid(e25b59160d719ea4ebbbf19f7127937d) Importer(815301076,1909f56bfc062723c751e8b465ee728b)  -> (artifact id: 'de26ac04e8e28b2e0797a97cc7d0da0c') in 0.343790 seconds 
========================================================================
Received Import Request.
  Time since last request: 115.397980 seconds.
  path: Assets/Sprites/Personaje-Niño/pj con movimiento/pjconmovimientoterminado1.png
  artifactKey: Guid(64d715d49c5542942a6fed53185321bb) Importer(815301076,1909f56bfc062723c751e8b465ee728b)
Start importing Assets/Sprites/Personaje-Niño/pj con movimiento/pjconmovimientoterminado1.png using Guid(64d715d49c5542942a6fed53185321bb) Importer(815301076,1909f56bfc062723c751e8b465ee728b)  -> (artifact id: '223e2bf6c6cbef271460b243705284bb') in 0.020848 seconds 
========================================================================
Received Import Request.
  Time since last request: 4.314105 seconds.
  path: Assets/Sprites/Personaje-Niño/pj con movimiento/pjconmovimientoterminado1.png
  artifactKey: Guid(64d715d49c5542942a6fed53185321bb) Importer(815301076,1909f56bfc062723c751e8b465ee728b)
Start importing Assets/Sprites/Personaje-Niño/pj con movimiento/pjconmovimientoterminado1.png using Guid(64d715d49c5542942a6fed53185321bb) Importer(815301076,1909f56bfc062723c751e8b465ee728b)  -> (artifact id: '4a5a13d01806a55dda98decdd50abbb1') in 0.034127 seconds 
========================================================================
Received Import Request.
  Time since last request: 2.053275 seconds.
  path: Assets/Sprites/Personaje-Niño/pj con movimiento/pjconmovimientoterminado2.png
  artifactKey: Guid(7be2e7110f7c5214dbf2c96bb6f599ca) Importer(815301076,1909f56bfc062723c751e8b465ee728b)
Start importing Assets/Sprites/Personaje-Niño/pj con movimiento/pjconmovimientoterminado2.png using Guid(7be2e7110f7c5214dbf2c96bb6f599ca) Importer(815301076,1909f56bfc062723c751e8b465ee728b)  -> (artifact id: '9afa5b2ef6c84fb8146f52029a5633b0') in 0.016789 seconds 
========================================================================
Received Import Request.
  Time since last request: 2.286615 seconds.
  path: Assets/Sprites/Personaje-Niño/pj con movimiento/pjconmovimientoterminado2.png
  artifactKey: Guid(7be2e7110f7c5214dbf2c96bb6f599ca) Importer(815301076,1909f56bfc062723c751e8b465ee728b)
Start importing Assets/Sprites/Personaje-Niño/pj con movimiento/pjconmovimientoterminado2.png using Guid(7be2e7110f7c5214dbf2c96bb6f599ca) Importer(815301076,1909f56bfc062723c751e8b465ee728b)  -> (artifact id: '022cde507a73a84c9002b3674e4d8c89') in 0.299435 seconds 
========================================================================
Received Import Request.
  Time since last request: 1.073548 seconds.
  path: Assets/Sprites/Personaje-Niño/pj con movimiento/pjconmovimientoterminado3.png
  artifactKey: Guid(058c8c429e87b6344908197b9cb86e46) Importer(815301076,1909f56bfc062723c751e8b465ee728b)
Start importing Assets/Sprites/Personaje-Niño/pj con movimiento/pjconmovimientoterminado3.png using Guid(058c8c429e87b6344908197b9cb86e46) Importer(815301076,1909f56bfc062723c751e8b465ee728b)  -> (artifact id: '3b33249afa3dde7f9ddcaee18ea65a5b') in 0.015072 seconds 
========================================================================
Received Import Request.
  Time since last request: 4.449209 seconds.
  path: Assets/Sprites/Personaje-Niño/pj con movimiento/pjconmovimientoterminado3.png
  artifactKey: Guid(058c8c429e87b6344908197b9cb86e46) Importer(815301076,1909f56bfc062723c751e8b465ee728b)
Start importing Assets/Sprites/Personaje-Niño/pj con movimiento/pjconmovimientoterminado3.png using Guid(058c8c429e87b6344908197b9cb86e46) Importer(815301076,1909f56bfc062723c751e8b465ee728b)  -> (artifact id: '2c195cf48f0541d40b13ac2bbbf87831') in 0.027109 seconds 
========================================================================
Received Import Request.
  Time since last request: 3.294400 seconds.
  path: Assets/Sprites/Personaje-Niño/pj con movimiento/pjconmovimientoterminado4.png
  artifactKey: Guid(e15dc356711053f45af6c948d7558aa3) Importer(815301076,1909f56bfc062723c751e8b465ee728b)
Start importing Assets/Sprites/Personaje-Niño/pj con movimiento/pjconmovimientoterminado4.png using Guid(e15dc356711053f45af6c948d7558aa3) Importer(815301076,1909f56bfc062723c751e8b465ee728b)  -> (artifact id: '382d633701649a1cf71f3eaa90b2e144') in 0.017006 seconds 
========================================================================
Received Import Request.
  Time since last request: 2.193656 seconds.
  path: Assets/Sprites/Personaje-Niño/pj con movimiento/pjconmovimientoterminado4.png
  artifactKey: Guid(e15dc356711053f45af6c948d7558aa3) Importer(815301076,1909f56bfc062723c751e8b465ee728b)
Start importing Assets/Sprites/Personaje-Niño/pj con movimiento/pjconmovimientoterminado4.png using Guid(e15dc356711053f45af6c948d7558aa3) Importer(815301076,1909f56bfc062723c751e8b465ee728b)  -> (artifact id: 'b8a0cedc5a8c8ebee05b7df426686d40') in 0.351274 seconds 
========================================================================
Received Import Request.
  Time since last request: 0.995454 seconds.
  path: Assets/Sprites/Personaje-Niño/pj con movimiento/pjconmovimientoterminado5.png
  artifactKey: Guid(022ccaebf6ce1404e9da9f994254c7ef) Importer(815301076,1909f56bfc062723c751e8b465ee728b)
Start importing Assets/Sprites/Personaje-Niño/pj con movimiento/pjconmovimientoterminado5.png using Guid(022ccaebf6ce1404e9da9f994254c7ef) Importer(815301076,1909f56bfc062723c751e8b465ee728b)  -> (artifact id: '495f1849b3d9a17855026ac0116795bc') in 0.015555 seconds 
========================================================================
Received Import Request.
  Time since last request: 2.489506 seconds.
  path: Assets/Sprites/Personaje-Niño/pj con movimiento/pjconmovimientoterminado5.png
  artifactKey: Guid(022ccaebf6ce1404e9da9f994254c7ef) Importer(815301076,1909f56bfc062723c751e8b465ee728b)
Start importing Assets/Sprites/Personaje-Niño/pj con movimiento/pjconmovimientoterminado5.png using Guid(022ccaebf6ce1404e9da9f994254c7ef) Importer(815301076,1909f56bfc062723c751e8b465ee728b)  -> (artifact id: '84b3d65586d7a8526a42d8fae20955b5') in 0.041046 seconds 
========================================================================
Received Import Request.
  Time since last request: 132.581922 seconds.
  path: Assets/Sprites/Personaje-Niño/pj salto/pjsalto5.png
  artifactKey: Guid(3dd899bd38730874a99ec75411aeddd4) Importer(815301076,1909f56bfc062723c751e8b465ee728b)
Start importing Assets/Sprites/Personaje-Niño/pj salto/pjsalto5.png using Guid(3dd899bd38730874a99ec75411aeddd4) Importer(815301076,1909f56bfc062723c751e8b465ee728b)  -> (artifact id: '5bf66e68011a51954807fb20146089f7') in 0.024584 seconds 
========================================================================
Received Import Request.
  Time since last request: 7.437192 seconds.
  path: Assets/Sprites/Personaje-Niño/pj salto/pjsalto5.png
  artifactKey: Guid(3dd899bd38730874a99ec75411aeddd4) Importer(815301076,1909f56bfc062723c751e8b465ee728b)
Start importing Assets/Sprites/Personaje-Niño/pj salto/pjsalto5.png using Guid(3dd899bd38730874a99ec75411aeddd4) Importer(815301076,1909f56bfc062723c751e8b465ee728b)  -> (artifact id: '3562af48745093d69aa3f348f5d997d4') in 0.028077 seconds 
========================================================================
Received Import Request.
  Time since last request: 36.021841 seconds.
  path: Assets/Sprites/Personaje-Niño/pj salto/pjsalto4.png
  artifactKey: Guid(0ceb67705fcbca949b95ec7211f50350) Importer(815301076,1909f56bfc062723c751e8b465ee728b)
Start importing Assets/Sprites/Personaje-Niño/pj salto/pjsalto4.png using Guid(0ceb67705fcbca949b95ec7211f50350) Importer(815301076,1909f56bfc062723c751e8b465ee728b)  -> (artifact id: 'f30a7d41205957579cad371a604a7d4b') in 0.016805 seconds 
========================================================================
Received Import Request.
  Time since last request: 3.678300 seconds.
  path: Assets/Sprites/Personaje-Niño/pj salto/pjsalto4.png
  artifactKey: Guid(0ceb67705fcbca949b95ec7211f50350) Importer(815301076,1909f56bfc062723c751e8b465ee728b)
Start importing Assets/Sprites/Personaje-Niño/pj salto/pjsalto4.png using Guid(0ceb67705fcbca949b95ec7211f50350) Importer(815301076,1909f56bfc062723c751e8b465ee728b)  -> (artifact id: '112a28b0a0a8b1209fa4406b36f53be3') in 0.030864 seconds 
========================================================================
Received Import Request.
  Time since last request: 2.803494 seconds.
  path: Assets/Sprites/Personaje-Niño/pj salto/pjsalto3.png
  artifactKey: Guid(31a800bf10d53024285562f0259dbed7) Importer(815301076,1909f56bfc062723c751e8b465ee728b)
Start importing Assets/Sprites/Personaje-Niño/pj salto/pjsalto3.png using Guid(31a800bf10d53024285562f0259dbed7) Importer(815301076,1909f56bfc062723c751e8b465ee728b)  -> (artifact id: '3784b6147ffa0bb27e4ba3c8cd69a9a7') in 0.024621 seconds 
========================================================================
Received Import Request.
  Time since last request: 5.017131 seconds.
  path: Assets/Sprites/Personaje-Niño/pj salto/pjsalto3.png
  artifactKey: Guid(31a800bf10d53024285562f0259dbed7) Importer(815301076,1909f56bfc062723c751e8b465ee728b)
Start importing Assets/Sprites/Personaje-Niño/pj salto/pjsalto3.png using Guid(31a800bf10d53024285562f0259dbed7) Importer(815301076,1909f56bfc062723c751e8b465ee728b)  -> (artifact id: '7f31caf9c6b063c4c54e150e348b3278') in 0.010861 seconds 
========================================================================
Received Import Request.
  Time since last request: 1.136556 seconds.
  path: Assets/Sprites/Personaje-Niño/pj salto/pjsalto2.png
  artifactKey: Guid(41e7c4a25cf123a45a32adff7e6409af) Importer(815301076,1909f56bfc062723c751e8b465ee728b)
Start importing Assets/Sprites/Personaje-Niño/pj salto/pjsalto2.png using Guid(41e7c4a25cf123a45a32adff7e6409af) Importer(815301076,1909f56bfc062723c751e8b465ee728b)  -> (artifact id: 'fa70844741c8fe4a0492430d140fa536') in 0.016030 seconds 
========================================================================
Received Import Request.
  Time since last request: 4.282696 seconds.
  path: Assets/Sprites/Personaje-Niño/pj salto/pjsalto2.png
  artifactKey: Guid(41e7c4a25cf123a45a32adff7e6409af) Importer(815301076,1909f56bfc062723c751e8b465ee728b)
Start importing Assets/Sprites/Personaje-Niño/pj salto/pjsalto2.png using Guid(41e7c4a25cf123a45a32adff7e6409af) Importer(815301076,1909f56bfc062723c751e8b465ee728b)  -> (artifact id: 'fc231b72b0524880c795c02e52b53788') in 0.045433 seconds 
========================================================================
Received Import Request.
  Time since last request: 1.137288 seconds.
  path: Assets/Sprites/Personaje-Niño/pj salto/pjsalto1.png
  artifactKey: Guid(f016f38bf593c6b43a94557e5180ddac) Importer(815301076,1909f56bfc062723c751e8b465ee728b)
Start importing Assets/Sprites/Personaje-Niño/pj salto/pjsalto1.png using Guid(f016f38bf593c6b43a94557e5180ddac) Importer(815301076,1909f56bfc062723c751e8b465ee728b)  -> (artifact id: 'faf15dbc02535f1b5b497f800c3edf5b') in 0.017720 seconds 
========================================================================
Received Import Request.
  Time since last request: 4.057411 seconds.
  path: Assets/Sprites/Personaje-Niño/pj salto/pjsalto1.png
  artifactKey: Guid(f016f38bf593c6b43a94557e5180ddac) Importer(815301076,1909f56bfc062723c751e8b465ee728b)
Start importing Assets/Sprites/Personaje-Niño/pj salto/pjsalto1.png using Guid(f016f38bf593c6b43a94557e5180ddac) Importer(815301076,1909f56bfc062723c751e8b465ee728b)  -> (artifact id: '4ebf85205e573d1bd36a20490b9478e1') in 0.400644 seconds 
========================================================================
Received Prepare
Registering precompiled user dll's ...
Registered in 0.008323 seconds.
Begin MonoManager ReloadAssembly
Symbol file LoadedFromMemory doesn't match image D:\A-UNIVERSIDAD\8° CICLO\VIDEOJUEGOS Y APLICACIONES MOVILES\PROTOTIPO PARA PROJECTO DE VIDEOJUEGO\Qhali Mikhun\Library\PackageCache\com.unity.visualscripting@1.8.0\Editor\VisualScripting.Core\Dependencies\YamlDotNet\Unity.VisualScripting.YamlDotNet.dll
Symbol file LoadedFromMemory doesn't match image D:\A-UNIVERSIDAD\8° CICLO\VIDEOJUEGOS Y APLICACIONES MOVILES\PROTOTIPO PARA PROJECTO DE VIDEOJUEGO\Qhali Mikhun\Library\PackageCache\com.unity.visualscripting@1.8.0\Editor\VisualScripting.Core\Dependencies\DotNetZip\Unity.VisualScripting.IonicZip.dll
Native extension for WindowsStandalone target not found
Native extension for WebGL target not found
Refreshing native plugins compatible for Editor in 1.41 ms, found 4 plugins.
Preloading 0 native plugins for Editor in 0.00 ms.
Mono: successfully reloaded assembly
- Completed reload, in  1.347 seconds
Domain Reload Profiling:
	ReloadAssembly (1348ms)
		BeginReloadAssembly (232ms)
			ExecutionOrderSort (0ms)
			DisableScriptedObjects (10ms)
			BackupInstance (0ms)
			ReleaseScriptingObjects (0ms)
			CreateAndSetChildDomain (59ms)
		EndReloadAssembly (957ms)
			LoadAssemblies (186ms)
			RebuildTransferFunctionScriptingTraits (0ms)
			SetupTypeCache (321ms)
			ReleaseScriptCaches (2ms)
			RebuildScriptCaches (53ms)
			SetupLoadedEditorAssemblies (411ms)
				LogAssemblyErrors (0ms)
				InitializePlatformSupportModulesInManaged (8ms)
				SetLoadedEditorAssemblies (1ms)
				RefreshPlugins (1ms)
				BeforeProcessingInitializeOnLoad (78ms)
				ProcessInitializeOnLoadAttributes (276ms)
				ProcessInitializeOnLoadMethodAttributes (43ms)
				AfterProcessingInitializeOnLoad (3ms)
				EditorAssembliesLoaded (0ms)
			ExecutionOrderSort2 (0ms)
			AwakeInstancesAfterBackupRestoration (10ms)
Platform modules already initialized, skipping
Refreshing native plugins compatible for Editor in 3.58 ms, found 4 plugins.
Preloading 0 native plugins for Editor in 0.00 ms.
Unloading 3940 Unused Serialized files (Serialized files now loaded: 0)
Unloading 28 unused Assets / (222.9 KB). Loaded Objects now: 4438.
Memory consumption went from 156.4 MB to 156.2 MB.
Total: 4.767100 ms (FindLiveObjects: 0.449700 ms CreateObjectMapping: 0.339200 ms MarkObjects: 3.685000 ms  DeleteObjects: 0.291400 ms)

AssetImportParameters requested are different than current active one (requested -> active):
  custom:video-decoder-ogg-theora: a1e56fd34408186e4bbccfd4996cb3dc -> 
  custom:container-muxer-webm: aa71ff27fc2769a1b78a27578f13a17b -> 
  custom:container-demuxer-webm: 4f35f7cbe854078d1ac9338744f61a02 -> 
  custom:video-encoder-webm-vp8: eb34c28f22e8b96e1ab97ce403110664 -> 
  custom:video-codec-MediaFoundation-h265: 746d11721c4dcdbdad8f713fa42b33f4 -> 
  custom:audio-encoder-webm-vorbis: bf7c407c2cedff20999df2af8eb42d56 -> 
  custom:framework-win-MediaFoundation: 216162199b28c13a410421893ffa2e32 -> 
  custom:container-demuxer-ogg: 62fdf1f143b41e24485cea50d1cbac27 -> 
  custom:video-decoder-webm-vp8: 9c59270c3fd7afecdb556c50c9e8de78 -> 
  custom:audio-decoder-ogg-vorbis: bf7c407c2cedff20999df2af8eb42d56 -> 
========================================================================
Received Import Request.
  Time since last request: 272.102374 seconds.
  path: Assets/Scenes/NivelPrincipal.unity
  artifactKey: Guid(e427b671c5e3b3f4983a38e424acb8a1) Importer(815301076,1909f56bfc062723c751e8b465ee728b)
Start importing Assets/Scenes/NivelPrincipal.unity using Guid(e427b671c5e3b3f4983a38e424acb8a1) Importer(815301076,1909f56bfc062723c751e8b465ee728b)  -> (artifact id: '3819cd6b3725810c288f7a78e2a598d0') in 0.019844 seconds 
========================================================================
Received Prepare
Registering precompiled user dll's ...
Registered in 0.005842 seconds.
Begin MonoManager ReloadAssembly
Symbol file LoadedFromMemory doesn't match image D:\A-UNIVERSIDAD\8° CICLO\VIDEOJUEGOS Y APLICACIONES MOVILES\PROTOTIPO PARA PROJECTO DE VIDEOJUEGO\Qhali Mikhun\Library\PackageCache\com.unity.visualscripting@1.8.0\Editor\VisualScripting.Core\Dependencies\YamlDotNet\Unity.VisualScripting.YamlDotNet.dll
Symbol file LoadedFromMemory doesn't match image D:\A-UNIVERSIDAD\8° CICLO\VIDEOJUEGOS Y APLICACIONES MOVILES\PROTOTIPO PARA PROJECTO DE VIDEOJUEGO\Qhali Mikhun\Library\PackageCache\com.unity.visualscripting@1.8.0\Editor\VisualScripting.Core\Dependencies\DotNetZip\Unity.VisualScripting.IonicZip.dll
Native extension for WindowsStandalone target not found
Native extension for WebGL target not found
Refreshing native plugins compatible for Editor in 1.25 ms, found 4 plugins.
Preloading 0 native plugins for Editor in 0.00 ms.
Mono: successfully reloaded assembly
- Completed reload, in  1.748 seconds
Domain Reload Profiling:
	ReloadAssembly (1749ms)
		BeginReloadAssembly (240ms)
			ExecutionOrderSort (0ms)
			DisableScriptedObjects (11ms)
			BackupInstance (0ms)
			ReleaseScriptingObjects (0ms)
			CreateAndSetChildDomain (60ms)
		EndReloadAssembly (1360ms)
			LoadAssemblies (193ms)
			RebuildTransferFunctionScriptingTraits (0ms)
			SetupTypeCache (420ms)
			ReleaseScriptCaches (2ms)
			RebuildScriptCaches (96ms)
			SetupLoadedEditorAssemblies (593ms)
				LogAssemblyErrors (0ms)
				InitializePlatformSupportModulesInManaged (8ms)
				SetLoadedEditorAssemblies (1ms)
				RefreshPlugins (1ms)
				BeforeProcessingInitializeOnLoad (106ms)
				ProcessInitializeOnLoadAttributes (402ms)
				ProcessInitializeOnLoadMethodAttributes (69ms)
				AfterProcessingInitializeOnLoad (5ms)
				EditorAssembliesLoaded (0ms)
			ExecutionOrderSort2 (0ms)
			AwakeInstancesAfterBackupRestoration (21ms)
Platform modules already initialized, skipping
Refreshing native plugins compatible for Editor in 3.90 ms, found 4 plugins.
Preloading 0 native plugins for Editor in 0.00 ms.
Unloading 3940 Unused Serialized files (Serialized files now loaded: 0)
Unloading 28 unused Assets / (222.8 KB). Loaded Objects now: 4453.
Memory consumption went from 156.4 MB to 156.2 MB.
Total: 6.443000 ms (FindLiveObjects: 0.860000 ms CreateObjectMapping: 0.504900 ms MarkObjects: 4.816000 ms  DeleteObjects: 0.260600 ms)

AssetImportParameters requested are different than current active one (requested -> active):
  custom:video-decoder-ogg-theora: a1e56fd34408186e4bbccfd4996cb3dc -> 
  custom:container-muxer-webm: aa71ff27fc2769a1b78a27578f13a17b -> 
  custom:container-demuxer-webm: 4f35f7cbe854078d1ac9338744f61a02 -> 
  custom:video-encoder-webm-vp8: eb34c28f22e8b96e1ab97ce403110664 -> 
  custom:video-codec-MediaFoundation-h265: 746d11721c4dcdbdad8f713fa42b33f4 -> 
  custom:audio-encoder-webm-vorbis: bf7c407c2cedff20999df2af8eb42d56 -> 
  custom:framework-win-MediaFoundation: 216162199b28c13a410421893ffa2e32 -> 
  custom:container-demuxer-ogg: 62fdf1f143b41e24485cea50d1cbac27 -> 
  custom:video-decoder-webm-vp8: 9c59270c3fd7afecdb556c50c9e8de78 -> 
  custom:audio-decoder-ogg-vorbis: bf7c407c2cedff20999df2af8eb42d56 -> 
========================================================================
Received Prepare
Registering precompiled user dll's ...
Registered in 0.007471 seconds.
Begin MonoManager ReloadAssembly
Symbol file LoadedFromMemory doesn't match image D:\A-UNIVERSIDAD\8° CICLO\VIDEOJUEGOS Y APLICACIONES MOVILES\PROTOTIPO PARA PROJECTO DE VIDEOJUEGO\Qhali Mikhun\Library\PackageCache\com.unity.visualscripting@1.8.0\Editor\VisualScripting.Core\Dependencies\YamlDotNet\Unity.VisualScripting.YamlDotNet.dll
Symbol file LoadedFromMemory doesn't match image D:\A-UNIVERSIDAD\8° CICLO\VIDEOJUEGOS Y APLICACIONES MOVILES\PROTOTIPO PARA PROJECTO DE VIDEOJUEGO\Qhali Mikhun\Library\PackageCache\com.unity.visualscripting@1.8.0\Editor\VisualScripting.Core\Dependencies\DotNetZip\Unity.VisualScripting.IonicZip.dll
Native extension for WindowsStandalone target not found
Native extension for WebGL target not found
Refreshing native plugins compatible for Editor in 2.87 ms, found 4 plugins.
Preloading 0 native plugins for Editor in 0.00 ms.
Mono: successfully reloaded assembly
- Completed reload, in  1.491 seconds
Domain Reload Profiling:
	ReloadAssembly (1491ms)
		BeginReloadAssembly (255ms)
			ExecutionOrderSort (0ms)
			DisableScriptedObjects (11ms)
			BackupInstance (0ms)
			ReleaseScriptingObjects (0ms)
			CreateAndSetChildDomain (71ms)
		EndReloadAssembly (1098ms)
			LoadAssemblies (207ms)
			RebuildTransferFunctionScriptingTraits (0ms)
			SetupTypeCache (378ms)
			ReleaseScriptCaches (3ms)
			RebuildScriptCaches (78ms)
			SetupLoadedEditorAssemblies (431ms)
				LogAssemblyErrors (0ms)
				InitializePlatformSupportModulesInManaged (7ms)
				SetLoadedEditorAssemblies (1ms)
				RefreshPlugins (3ms)
				BeforeProcessingInitializeOnLoad (111ms)
				ProcessInitializeOnLoadAttributes (258ms)
				ProcessInitializeOnLoadMethodAttributes (47ms)
				AfterProcessingInitializeOnLoad (4ms)
				EditorAssembliesLoaded (0ms)
			ExecutionOrderSort2 (0ms)
			AwakeInstancesAfterBackupRestoration (10ms)
Platform modules already initialized, skipping
Refreshing native plugins compatible for Editor in 4.48 ms, found 4 plugins.
Preloading 0 native plugins for Editor in 0.00 ms.
Unloading 3940 Unused Serialized files (Serialized files now loaded: 0)
Unloading 28 unused Assets / (223.1 KB). Loaded Objects now: 4468.
Memory consumption went from 156.4 MB to 156.2 MB.
Total: 8.772900 ms (FindLiveObjects: 0.603000 ms CreateObjectMapping: 0.347100 ms MarkObjects: 7.438400 ms  DeleteObjects: 0.381900 ms)

AssetImportParameters requested are different than current active one (requested -> active):
  custom:video-decoder-ogg-theora: a1e56fd34408186e4bbccfd4996cb3dc -> 
  custom:container-muxer-webm: aa71ff27fc2769a1b78a27578f13a17b -> 
  custom:container-demuxer-webm: 4f35f7cbe854078d1ac9338744f61a02 -> 
  custom:video-encoder-webm-vp8: eb34c28f22e8b96e1ab97ce403110664 -> 
  custom:video-codec-MediaFoundation-h265: 746d11721c4dcdbdad8f713fa42b33f4 -> 
  custom:audio-encoder-webm-vorbis: bf7c407c2cedff20999df2af8eb42d56 -> 
  custom:framework-win-MediaFoundation: 216162199b28c13a410421893ffa2e32 -> 
  custom:container-demuxer-ogg: 62fdf1f143b41e24485cea50d1cbac27 -> 
  custom:video-decoder-webm-vp8: 9c59270c3fd7afecdb556c50c9e8de78 -> 
  custom:audio-decoder-ogg-vorbis: bf7c407c2cedff20999df2af8eb42d56 -> 
========================================================================
Received Prepare
Registering precompiled user dll's ...
Registered in 0.005743 seconds.
Begin MonoManager ReloadAssembly
Symbol file LoadedFromMemory doesn't match image D:\A-UNIVERSIDAD\8° CICLO\VIDEOJUEGOS Y APLICACIONES MOVILES\PROTOTIPO PARA PROJECTO DE VIDEOJUEGO\Qhali Mikhun\Library\PackageCache\com.unity.visualscripting@1.8.0\Editor\VisualScripting.Core\Dependencies\YamlDotNet\Unity.VisualScripting.YamlDotNet.dll
Symbol file LoadedFromMemory doesn't match image D:\A-UNIVERSIDAD\8° CICLO\VIDEOJUEGOS Y APLICACIONES MOVILES\PROTOTIPO PARA PROJECTO DE VIDEOJUEGO\Qhali Mikhun\Library\PackageCache\com.unity.visualscripting@1.8.0\Editor\VisualScripting.Core\Dependencies\DotNetZip\Unity.VisualScripting.IonicZip.dll
Native extension for WindowsStandalone target not found
Native extension for WebGL target not found
Refreshing native plugins compatible for Editor in 1.53 ms, found 4 plugins.
Preloading 0 native plugins for Editor in 0.00 ms.
Mono: successfully reloaded assembly
- Completed reload, in  1.590 seconds
Domain Reload Profiling:
	ReloadAssembly (1591ms)
		BeginReloadAssembly (223ms)
			ExecutionOrderSort (0ms)
			DisableScriptedObjects (7ms)
			BackupInstance (0ms)
			ReleaseScriptingObjects (0ms)
			CreateAndSetChildDomain (43ms)
		EndReloadAssembly (1196ms)
			LoadAssemblies (202ms)
			RebuildTransferFunctionScriptingTraits (0ms)
			SetupTypeCache (381ms)
			ReleaseScriptCaches (2ms)
			RebuildScriptCaches (80ms)
			SetupLoadedEditorAssemblies (527ms)
				LogAssemblyErrors (0ms)
				InitializePlatformSupportModulesInManaged (8ms)
				SetLoadedEditorAssemblies (1ms)
				RefreshPlugins (2ms)
				BeforeProcessingInitializeOnLoad (102ms)
				ProcessInitializeOnLoadAttributes (360ms)
				ProcessInitializeOnLoadMethodAttributes (50ms)
				AfterProcessingInitializeOnLoad (4ms)
				EditorAssembliesLoaded (0ms)
			ExecutionOrderSort2 (0ms)
			AwakeInstancesAfterBackupRestoration (13ms)
Platform modules already initialized, skipping
Refreshing native plugins compatible for Editor in 4.91 ms, found 4 plugins.
Preloading 0 native plugins for Editor in 0.00 ms.
Unloading 3940 Unused Serialized files (Serialized files now loaded: 0)
Unloading 28 unused Assets / (222.8 KB). Loaded Objects now: 4483.
Memory consumption went from 156.4 MB to 156.2 MB.
Total: 8.791000 ms (FindLiveObjects: 0.482700 ms CreateObjectMapping: 0.734400 ms MarkObjects: 7.238900 ms  DeleteObjects: 0.333300 ms)

AssetImportParameters requested are different than current active one (requested -> active):
  custom:video-decoder-ogg-theora: a1e56fd34408186e4bbccfd4996cb3dc -> 
  custom:container-muxer-webm: aa71ff27fc2769a1b78a27578f13a17b -> 
  custom:container-demuxer-webm: 4f35f7cbe854078d1ac9338744f61a02 -> 
  custom:video-encoder-webm-vp8: eb34c28f22e8b96e1ab97ce403110664 -> 
  custom:video-codec-MediaFoundation-h265: 746d11721c4dcdbdad8f713fa42b33f4 -> 
  custom:audio-encoder-webm-vorbis: bf7c407c2cedff20999df2af8eb42d56 -> 
  custom:framework-win-MediaFoundation: 216162199b28c13a410421893ffa2e32 -> 
  custom:container-demuxer-ogg: 62fdf1f143b41e24485cea50d1cbac27 -> 
  custom:video-decoder-webm-vp8: 9c59270c3fd7afecdb556c50c9e8de78 -> 
  custom:audio-decoder-ogg-vorbis: bf7c407c2cedff20999df2af8eb42d56 -> 
========================================================================
Received Prepare
Registering precompiled user dll's ...
Registered in 0.005856 seconds.
Begin MonoManager ReloadAssembly
Symbol file LoadedFromMemory doesn't match image D:\A-UNIVERSIDAD\8° CICLO\VIDEOJUEGOS Y APLICACIONES MOVILES\PROTOTIPO PARA PROJECTO DE VIDEOJUEGO\Qhali Mikhun\Library\PackageCache\com.unity.visualscripting@1.8.0\Editor\VisualScripting.Core\Dependencies\YamlDotNet\Unity.VisualScripting.YamlDotNet.dll
Symbol file LoadedFromMemory doesn't match image D:\A-UNIVERSIDAD\8° CICLO\VIDEOJUEGOS Y APLICACIONES MOVILES\PROTOTIPO PARA PROJECTO DE VIDEOJUEGO\Qhali Mikhun\Library\PackageCache\com.unity.visualscripting@1.8.0\Editor\VisualScripting.Core\Dependencies\DotNetZip\Unity.VisualScripting.IonicZip.dll
Native extension for WindowsStandalone target not found
Native extension for WebGL target not found
Refreshing native plugins compatible for Editor in 0.81 ms, found 4 plugins.
Preloading 0 native plugins for Editor in 0.00 ms.
Mono: successfully reloaded assembly
- Completed reload, in  1.606 seconds
Domain Reload Profiling:
	ReloadAssembly (1607ms)
		BeginReloadAssembly (221ms)
			ExecutionOrderSort (0ms)
			DisableScriptedObjects (7ms)
			BackupInstance (0ms)
			ReleaseScriptingObjects (1ms)
			CreateAndSetChildDomain (55ms)
		EndReloadAssembly (1239ms)
			LoadAssemblies (194ms)
			RebuildTransferFunctionScriptingTraits (0ms)
			SetupTypeCache (375ms)
			ReleaseScriptCaches (4ms)
			RebuildScriptCaches (85ms)
			SetupLoadedEditorAssemblies (550ms)
				LogAssemblyErrors (0ms)
				InitializePlatformSupportModulesInManaged (7ms)
				SetLoadedEditorAssemblies (1ms)
				RefreshPlugins (1ms)
				BeforeProcessingInitializeOnLoad (105ms)
				ProcessInitializeOnLoadAttributes (367ms)
				ProcessInitializeOnLoadMethodAttributes (65ms)
				AfterProcessingInitializeOnLoad (5ms)
				EditorAssembliesLoaded (0ms)
			ExecutionOrderSort2 (0ms)
			AwakeInstancesAfterBackupRestoration (20ms)
Platform modules already initialized, skipping
Refreshing native plugins compatible for Editor in 2.31 ms, found 4 plugins.
Preloading 0 native plugins for Editor in 0.00 ms.
Unloading 3940 Unused Serialized files (Serialized files now loaded: 0)
Unloading 28 unused Assets / (222.9 KB). Loaded Objects now: 4498.
Memory consumption went from 156.4 MB to 156.2 MB.
Total: 3.096800 ms (FindLiveObjects: 0.374400 ms CreateObjectMapping: 0.217600 ms MarkObjects: 2.370900 ms  DeleteObjects: 0.132600 ms)

AssetImportParameters requested are different than current active one (requested -> active):
  custom:video-decoder-ogg-theora: a1e56fd34408186e4bbccfd4996cb3dc -> 
  custom:container-muxer-webm: aa71ff27fc2769a1b78a27578f13a17b -> 
  custom:container-demuxer-webm: 4f35f7cbe854078d1ac9338744f61a02 -> 
  custom:video-encoder-webm-vp8: eb34c28f22e8b96e1ab97ce403110664 -> 
  custom:video-codec-MediaFoundation-h265: 746d11721c4dcdbdad8f713fa42b33f4 -> 
  custom:audio-encoder-webm-vorbis: bf7c407c2cedff20999df2af8eb42d56 -> 
  custom:framework-win-MediaFoundation: 216162199b28c13a410421893ffa2e32 -> 
  custom:container-demuxer-ogg: 62fdf1f143b41e24485cea50d1cbac27 -> 
  custom:video-decoder-webm-vp8: 9c59270c3fd7afecdb556c50c9e8de78 -> 
  custom:audio-decoder-ogg-vorbis: bf7c407c2cedff20999df2af8eb42d56 -> 
========================================================================
Received Prepare
Registering precompiled user dll's ...
Registered in 0.005909 seconds.
Begin MonoManager ReloadAssembly
Symbol file LoadedFromMemory doesn't match image D:\A-UNIVERSIDAD\8° CICLO\VIDEOJUEGOS Y APLICACIONES MOVILES\PROTOTIPO PARA PROJECTO DE VIDEOJUEGO\Qhali Mikhun\Library\PackageCache\com.unity.visualscripting@1.8.0\Editor\VisualScripting.Core\Dependencies\YamlDotNet\Unity.VisualScripting.YamlDotNet.dll
Symbol file LoadedFromMemory doesn't match image D:\A-UNIVERSIDAD\8° CICLO\VIDEOJUEGOS Y APLICACIONES MOVILES\PROTOTIPO PARA PROJECTO DE VIDEOJUEGO\Qhali Mikhun\Library\PackageCache\com.unity.visualscripting@1.8.0\Editor\VisualScripting.Core\Dependencies\DotNetZip\Unity.VisualScripting.IonicZip.dll
Native extension for WindowsStandalone target not found
Native extension for WebGL target not found
Refreshing native plugins compatible for Editor in 0.80 ms, found 4 plugins.
Preloading 0 native plugins for Editor in 0.00 ms.
Mono: successfully reloaded assembly
- Completed reload, in  1.223 seconds
Domain Reload Profiling:
	ReloadAssembly (1224ms)
		BeginReloadAssembly (169ms)
			ExecutionOrderSort (0ms)
			DisableScriptedObjects (8ms)
			BackupInstance (0ms)
			ReleaseScriptingObjects (0ms)
			CreateAndSetChildDomain (43ms)
		EndReloadAssembly (939ms)
			LoadAssemblies (132ms)
			RebuildTransferFunctionScriptingTraits (0ms)
			SetupTypeCache (329ms)
			ReleaseScriptCaches (1ms)
			RebuildScriptCaches (54ms)
			SetupLoadedEditorAssemblies (393ms)
				LogAssemblyErrors (0ms)
				InitializePlatformSupportModulesInManaged (5ms)
				SetLoadedEditorAssemblies (1ms)
				RefreshPlugins (1ms)
				BeforeProcessingInitializeOnLoad (80ms)
				ProcessInitializeOnLoadAttributes (269ms)
				ProcessInitializeOnLoadMethodAttributes (35ms)
				AfterProcessingInitializeOnLoad (2ms)
				EditorAssembliesLoaded (0ms)
			ExecutionOrderSort2 (0ms)
			AwakeInstancesAfterBackupRestoration (13ms)
Platform modules already initialized, skipping
Refreshing native plugins compatible for Editor in 2.42 ms, found 4 plugins.
Preloading 0 native plugins for Editor in 0.00 ms.
Unloading 3940 Unused Serialized files (Serialized files now loaded: 0)
Unloading 28 unused Assets / (223.1 KB). Loaded Objects now: 4513.
Memory consumption went from 156.5 MB to 156.2 MB.
Total: 3.493100 ms (FindLiveObjects: 0.341400 ms CreateObjectMapping: 0.206400 ms MarkObjects: 2.771600 ms  DeleteObjects: 0.172700 ms)

AssetImportParameters requested are different than current active one (requested -> active):
  custom:video-decoder-ogg-theora: a1e56fd34408186e4bbccfd4996cb3dc -> 
  custom:container-muxer-webm: aa71ff27fc2769a1b78a27578f13a17b -> 
  custom:container-demuxer-webm: 4f35f7cbe854078d1ac9338744f61a02 -> 
  custom:video-encoder-webm-vp8: eb34c28f22e8b96e1ab97ce403110664 -> 
  custom:video-codec-MediaFoundation-h265: 746d11721c4dcdbdad8f713fa42b33f4 -> 
  custom:audio-encoder-webm-vorbis: bf7c407c2cedff20999df2af8eb42d56 -> 
  custom:framework-win-MediaFoundation: 216162199b28c13a410421893ffa2e32 -> 
  custom:container-demuxer-ogg: 62fdf1f143b41e24485cea50d1cbac27 -> 
  custom:video-decoder-webm-vp8: 9c59270c3fd7afecdb556c50c9e8de78 -> 
  custom:audio-decoder-ogg-vorbis: bf7c407c2cedff20999df2af8eb42d56 -> 
========================================================================
Received Prepare
Registering precompiled user dll's ...
Registered in 0.007398 seconds.
Begin MonoManager ReloadAssembly
Symbol file LoadedFromMemory doesn't match image D:\A-UNIVERSIDAD\8° CICLO\VIDEOJUEGOS Y APLICACIONES MOVILES\PROTOTIPO PARA PROJECTO DE VIDEOJUEGO\Qhali Mikhun\Library\PackageCache\com.unity.visualscripting@1.8.0\Editor\VisualScripting.Core\Dependencies\YamlDotNet\Unity.VisualScripting.YamlDotNet.dll
Symbol file LoadedFromMemory doesn't match image D:\A-UNIVERSIDAD\8° CICLO\VIDEOJUEGOS Y APLICACIONES MOVILES\PROTOTIPO PARA PROJECTO DE VIDEOJUEGO\Qhali Mikhun\Library\PackageCache\com.unity.visualscripting@1.8.0\Editor\VisualScripting.Core\Dependencies\DotNetZip\Unity.VisualScripting.IonicZip.dll
Native extension for WindowsStandalone target not found
Native extension for WebGL target not found
Refreshing native plugins compatible for Editor in 1.40 ms, found 4 plugins.
Preloading 0 native plugins for Editor in 0.00 ms.
Mono: successfully reloaded assembly
- Completed reload, in  1.221 seconds
Domain Reload Profiling:
	ReloadAssembly (1222ms)
		BeginReloadAssembly (171ms)
			ExecutionOrderSort (0ms)
			DisableScriptedObjects (10ms)
			BackupInstance (0ms)
			ReleaseScriptingObjects (0ms)
			CreateAndSetChildDomain (45ms)
		EndReloadAssembly (941ms)
			LoadAssemblies (133ms)
			RebuildTransferFunctionScriptingTraits (0ms)
			SetupTypeCache (296ms)
			ReleaseScriptCaches (1ms)
			RebuildScriptCaches (55ms)
			SetupLoadedEditorAssemblies (421ms)
				LogAssemblyErrors (0ms)
				InitializePlatformSupportModulesInManaged (8ms)
				SetLoadedEditorAssemblies (1ms)
				RefreshPlugins (1ms)
				BeforeProcessingInitializeOnLoad (79ms)
				ProcessInitializeOnLoadAttributes (285ms)
				ProcessInitializeOnLoadMethodAttributes (43ms)
				AfterProcessingInitializeOnLoad (3ms)
				EditorAssembliesLoaded (0ms)
			ExecutionOrderSort2 (0ms)
			AwakeInstancesAfterBackupRestoration (11ms)
Platform modules already initialized, skipping
Refreshing native plugins compatible for Editor in 2.19 ms, found 4 plugins.
Preloading 0 native plugins for Editor in 0.00 ms.
Unloading 3940 Unused Serialized files (Serialized files now loaded: 0)
Unloading 28 unused Assets / (222.8 KB). Loaded Objects now: 4528.
Memory consumption went from 156.5 MB to 156.2 MB.
Total: 4.233300 ms (FindLiveObjects: 0.543800 ms CreateObjectMapping: 0.346300 ms MarkObjects: 3.110900 ms  DeleteObjects: 0.230700 ms)

AssetImportParameters requested are different than current active one (requested -> active):
  custom:video-decoder-ogg-theora: a1e56fd34408186e4bbccfd4996cb3dc -> 
  custom:container-muxer-webm: aa71ff27fc2769a1b78a27578f13a17b -> 
  custom:container-demuxer-webm: 4f35f7cbe854078d1ac9338744f61a02 -> 
  custom:video-encoder-webm-vp8: eb34c28f22e8b96e1ab97ce403110664 -> 
  custom:video-codec-MediaFoundation-h265: 746d11721c4dcdbdad8f713fa42b33f4 -> 
  custom:audio-encoder-webm-vorbis: bf7c407c2cedff20999df2af8eb42d56 -> 
  custom:framework-win-MediaFoundation: 216162199b28c13a410421893ffa2e32 -> 
  custom:container-demuxer-ogg: 62fdf1f143b41e24485cea50d1cbac27 -> 
  custom:video-decoder-webm-vp8: 9c59270c3fd7afecdb556c50c9e8de78 -> 
  custom:audio-decoder-ogg-vorbis: bf7c407c2cedff20999df2af8eb42d56 -> 
========================================================================
Received Import Request.
  Time since last request: 1923.115612 seconds.
  path: Assets/Scenes/Nivel1.unity
  artifactKey: Guid(16b002cafc1de944fbf99523abeb653e) Importer(815301076,1909f56bfc062723c751e8b465ee728b)
Start importing Assets/Scenes/Nivel1.unity using Guid(16b002cafc1de944fbf99523abeb653e) Importer(815301076,1909f56bfc062723c751e8b465ee728b)  -> (artifact id: '5e64f34726039215c6002cccba95a3e1') in 0.015629 seconds 
========================================================================
Received Prepare
Registering precompiled user dll's ...
Registered in 0.005345 seconds.
Begin MonoManager ReloadAssembly
Symbol file LoadedFromMemory doesn't match image D:\A-UNIVERSIDAD\8° CICLO\VIDEOJUEGOS Y APLICACIONES MOVILES\PROTOTIPO PARA PROJECTO DE VIDEOJUEGO\Qhali Mikhun\Library\PackageCache\com.unity.visualscripting@1.8.0\Editor\VisualScripting.Core\Dependencies\YamlDotNet\Unity.VisualScripting.YamlDotNet.dll
Symbol file LoadedFromMemory doesn't match image D:\A-UNIVERSIDAD\8° CICLO\VIDEOJUEGOS Y APLICACIONES MOVILES\PROTOTIPO PARA PROJECTO DE VIDEOJUEGO\Qhali Mikhun\Library\PackageCache\com.unity.visualscripting@1.8.0\Editor\VisualScripting.Core\Dependencies\DotNetZip\Unity.VisualScripting.IonicZip.dll
Native extension for WindowsStandalone target not found
Native extension for WebGL target not found
Refreshing native plugins compatible for Editor in 1.40 ms, found 4 plugins.
Preloading 0 native plugins for Editor in 0.00 ms.
Mono: successfully reloaded assembly
- Completed reload, in  1.490 seconds
Domain Reload Profiling:
	ReloadAssembly (1491ms)
		BeginReloadAssembly (191ms)
			ExecutionOrderSort (0ms)
			DisableScriptedObjects (10ms)
			BackupInstance (0ms)
			ReleaseScriptingObjects (0ms)
			CreateAndSetChildDomain (44ms)
		EndReloadAssembly (1161ms)
			LoadAssemblies (158ms)
			RebuildTransferFunctionScriptingTraits (0ms)
			SetupTypeCache (377ms)
			ReleaseScriptCaches (2ms)
			RebuildScriptCaches (76ms)
			SetupLoadedEditorAssemblies (509ms)
				LogAssemblyErrors (0ms)
				InitializePlatformSupportModulesInManaged (8ms)
				SetLoadedEditorAssemblies (1ms)
				RefreshPlugins (2ms)
				BeforeProcessingInitializeOnLoad (106ms)
				ProcessInitializeOnLoadAttributes (340ms)
				ProcessInitializeOnLoadMethodAttributes (50ms)
				AfterProcessingInitializeOnLoad (3ms)
				EditorAssembliesLoaded (0ms)
			ExecutionOrderSort2 (0ms)
			AwakeInstancesAfterBackupRestoration (14ms)
Platform modules already initialized, skipping
Refreshing native plugins compatible for Editor in 3.63 ms, found 4 plugins.
Preloading 0 native plugins for Editor in 0.00 ms.
Unloading 3940 Unused Serialized files (Serialized files now loaded: 0)
Unloading 28 unused Assets / (222.8 KB). Loaded Objects now: 4543.
Memory consumption went from 156.5 MB to 156.3 MB.
Total: 3.912900 ms (FindLiveObjects: 0.427500 ms CreateObjectMapping: 0.226700 ms MarkObjects: 3.059100 ms  DeleteObjects: 0.198400 ms)

AssetImportParameters requested are different than current active one (requested -> active):
  custom:video-decoder-ogg-theora: a1e56fd34408186e4bbccfd4996cb3dc -> 
  custom:container-muxer-webm: aa71ff27fc2769a1b78a27578f13a17b -> 
  custom:container-demuxer-webm: 4f35f7cbe854078d1ac9338744f61a02 -> 
  custom:video-encoder-webm-vp8: eb34c28f22e8b96e1ab97ce403110664 -> 
  custom:video-codec-MediaFoundation-h265: 746d11721c4dcdbdad8f713fa42b33f4 -> 
  custom:audio-encoder-webm-vorbis: bf7c407c2cedff20999df2af8eb42d56 -> 
  custom:framework-win-MediaFoundation: 216162199b28c13a410421893ffa2e32 -> 
  custom:container-demuxer-ogg: 62fdf1f143b41e24485cea50d1cbac27 -> 
  custom:video-decoder-webm-vp8: 9c59270c3fd7afecdb556c50c9e8de78 -> 
  custom:audio-decoder-ogg-vorbis: bf7c407c2cedff20999df2af8eb42d56 -> 
========================================================================
Received Import Request.
  Time since last request: 84.811931 seconds.
  path: Assets/Scenes/Nivel2.unity
  artifactKey: Guid(8a2a3fa3aaad73046bfba6ba46b6e279) Importer(815301076,1909f56bfc062723c751e8b465ee728b)
Start importing Assets/Scenes/Nivel2.unity using Guid(8a2a3fa3aaad73046bfba6ba46b6e279) Importer(815301076,1909f56bfc062723c751e8b465ee728b)  -> (artifact id: 'a36dcfca478d217f2297a8846a419ee1') in 0.012524 seconds 
========================================================================
Received Import Request.
  Time since last request: 7.521206 seconds.
  path: Assets/Scenes/Nivel3.unity
  artifactKey: Guid(1f5f94d43ea9be9448afcdf1cf0e45ca) Importer(815301076,1909f56bfc062723c751e8b465ee728b)
Start importing Assets/Scenes/Nivel3.unity using Guid(1f5f94d43ea9be9448afcdf1cf0e45ca) Importer(815301076,1909f56bfc062723c751e8b465ee728b)  -> (artifact id: 'e9952a14989d467c624baeaa409da7fb') in 0.008443 seconds 
========================================================================
Received Import Request.
  Time since last request: 6.736582 seconds.
  path: Assets/Scenes/Nivel3.unity
  artifactKey: Guid(1f5f94d43ea9be9448afcdf1cf0e45ca) Importer(815301076,1909f56bfc062723c751e8b465ee728b)
Start importing Assets/Scenes/Nivel3.unity using Guid(1f5f94d43ea9be9448afcdf1cf0e45ca) Importer(815301076,1909f56bfc062723c751e8b465ee728b)  -> (artifact id: '82a37341dc73249e1b8c6e9a3aeaaa35') in 0.001698 seconds 
========================================================================
Received Import Request.
  Time since last request: 7041.713173 seconds.
  path: Assets/Scenes/Nivel1.unity
  artifactKey: Guid(16b002cafc1de944fbf99523abeb653e) Importer(815301076,1909f56bfc062723c751e8b465ee728b)
Start importing Assets/Scenes/Nivel1.unity using Guid(16b002cafc1de944fbf99523abeb653e) Importer(815301076,1909f56bfc062723c751e8b465ee728b)  -> (artifact id: '0fa48bd9bac84c5a6a86a12556774a56') in 0.034384 seconds 
========================================================================
Received Import Request.
  Time since last request: 4.279307 seconds.
  path: Assets/Scenes/Nivel2.unity
  artifactKey: Guid(8a2a3fa3aaad73046bfba6ba46b6e279) Importer(815301076,1909f56bfc062723c751e8b465ee728b)
Start importing Assets/Scenes/Nivel2.unity using Guid(8a2a3fa3aaad73046bfba6ba46b6e279) Importer(815301076,1909f56bfc062723c751e8b465ee728b)  -> (artifact id: '8fc4a9dcf50339fd5b3175b7470f1bea') in 0.007402 seconds 
========================================================================
Received Import Request.
  Time since last request: 46.526437 seconds.
  path: Assets/Scenes/NivelPrincipal.unity
  artifactKey: Guid(e427b671c5e3b3f4983a38e424acb8a1) Importer(815301076,1909f56bfc062723c751e8b465ee728b)
Start importing Assets/Scenes/NivelPrincipal.unity using Guid(e427b671c5e3b3f4983a38e424acb8a1) Importer(815301076,1909f56bfc062723c751e8b465ee728b)  -> (artifact id: 'be2b809c7944d670a0b878f7ba45db49') in 0.008221 seconds 
========================================================================
Received Prepare
Registering precompiled user dll's ...
Registered in 0.007001 seconds.
Begin MonoManager ReloadAssembly
Symbol file LoadedFromMemory doesn't match image D:\A-UNIVERSIDAD\8° CICLO\VIDEOJUEGOS Y APLICACIONES MOVILES\PROTOTIPO PARA PROJECTO DE VIDEOJUEGO\Qhali Mikhun\Library\PackageCache\com.unity.visualscripting@1.8.0\Editor\VisualScripting.Core\Dependencies\YamlDotNet\Unity.VisualScripting.YamlDotNet.dll
Symbol file LoadedFromMemory doesn't match image D:\A-UNIVERSIDAD\8° CICLO\VIDEOJUEGOS Y APLICACIONES MOVILES\PROTOTIPO PARA PROJECTO DE VIDEOJUEGO\Qhali Mikhun\Library\PackageCache\com.unity.visualscripting@1.8.0\Editor\VisualScripting.Core\Dependencies\DotNetZip\Unity.VisualScripting.IonicZip.dll
Native extension for WindowsStandalone target not found
Native extension for WebGL target not found
Refreshing native plugins compatible for Editor in 1.64 ms, found 4 plugins.
Preloading 0 native plugins for Editor in 0.00 ms.
Mono: successfully reloaded assembly
- Completed reload, in  4.848 seconds
Domain Reload Profiling:
	ReloadAssembly (4853ms)
		BeginReloadAssembly (779ms)
			ExecutionOrderSort (0ms)
			DisableScriptedObjects (76ms)
			BackupInstance (0ms)
			ReleaseScriptingObjects (0ms)
			CreateAndSetChildDomain (272ms)
		EndReloadAssembly (3554ms)
			LoadAssemblies (472ms)
			RebuildTransferFunctionScriptingTraits (0ms)
			SetupTypeCache (1374ms)
			ReleaseScriptCaches (6ms)
			RebuildScriptCaches (170ms)
			SetupLoadedEditorAssemblies (1587ms)
				LogAssemblyErrors (0ms)
				InitializePlatformSupportModulesInManaged (10ms)
				SetLoadedEditorAssemblies (1ms)
				RefreshPlugins (2ms)
				BeforeProcessingInitializeOnLoad (169ms)
				ProcessInitializeOnLoadAttributes (1310ms)
				ProcessInitializeOnLoadMethodAttributes (90ms)
				AfterProcessingInitializeOnLoad (4ms)
				EditorAssembliesLoaded (0ms)
			ExecutionOrderSort2 (0ms)
			AwakeInstancesAfterBackupRestoration (20ms)
Platform modules already initialized, skipping
Refreshing native plugins compatible for Editor in 4.57 ms, found 4 plugins.
Preloading 0 native plugins for Editor in 0.00 ms.
Unloading 3940 Unused Serialized files (Serialized files now loaded: 0)
Unloading 28 unused Assets / (222.9 KB). Loaded Objects now: 4558.
Memory consumption went from 156.5 MB to 156.3 MB.
Total: 8.382900 ms (FindLiveObjects: 0.822800 ms CreateObjectMapping: 0.625300 ms MarkObjects: 6.678800 ms  DeleteObjects: 0.254200 ms)

AssetImportParameters requested are different than current active one (requested -> active):
  custom:video-decoder-ogg-theora: a1e56fd34408186e4bbccfd4996cb3dc -> 
  custom:container-muxer-webm: aa71ff27fc2769a1b78a27578f13a17b -> 
  custom:container-demuxer-webm: 4f35f7cbe854078d1ac9338744f61a02 -> 
  custom:video-encoder-webm-vp8: eb34c28f22e8b96e1ab97ce403110664 -> 
  custom:video-codec-MediaFoundation-h265: 746d11721c4dcdbdad8f713fa42b33f4 -> 
  custom:audio-encoder-webm-vorbis: bf7c407c2cedff20999df2af8eb42d56 -> 
  custom:framework-win-MediaFoundation: 216162199b28c13a410421893ffa2e32 -> 
  custom:container-demuxer-ogg: 62fdf1f143b41e24485cea50d1cbac27 -> 
  custom:video-decoder-webm-vp8: 9c59270c3fd7afecdb556c50c9e8de78 -> 
  custom:audio-decoder-ogg-vorbis: bf7c407c2cedff20999df2af8eb42d56 -> 
